# JRE version: Java(TM) SE Runtime Environment (8.0_191-b12) (build 1.8.0_191-b12)
# Java VM: Java HotSpot(TM) Client VM (25.191-b12 mixed mode windows-x86 )
Heap:
 def new generation   total 124992K, used 14599K [0x04800000, 0x0cfa0000, 0x0f2a0000)
  eden space 111104K,  13% used [0x04800000, 0x05641ee0, 0x0b480000)
  from space 13888K,   0% used [0x0b480000, 0x0b480000, 0x0c210000)
  to   space 13888K,   0% used [0x0c210000, 0x0c210000, 0x0cfa0000)
 tenured generation   total 277632K, used 166578K [0x0f2a0000, 0x201c0000, 0x24800000)
   the space 277632K,  59% used [0x0f2a0000, 0x1954c820, 0x1954ca00, 0x201c0000)
 Metaspace       used 25443K, capacity 26033K, committed 26112K, reserved 27008K
GC Heap History (10 events):
Event: 9965.710 GC heap before
{Heap before GC invocations=87 (full 5):
 def new generation   total 102528K, used 95690K [0x04800000, 0x0b740000, 0x0f2a0000)
  eden space 91136K, 100% used [0x04800000, 0x0a100000, 0x0a100000)
  from space 11392K,  39% used [0x0ac20000, 0x0b092820, 0x0b740000)
  to   space 11392K,   0% used [0x0a100000, 0x0a100000, 0x0ac20000)
 tenured generation   total 227712K, used 218395K [0x0f2a0000, 0x1d100000, 0x24800000)
   the space 227712K,  95% used [0x0f2a0000, 0x1c7e6d48, 0x1c7e6e00, 0x1d100000)
 Metaspace       used 25443K, capacity 26036K, committed 26112K, reserved 27008K
Event: 9965.722 GC heap after
Heap after GC invocations=88 (full 5):
 def new generation   total 102528K, used 5881K [0x04800000, 0x0b740000, 0x0f2a0000)
  eden space 91136K,   0% used [0x04800000, 0x04800000, 0x0a100000)
  from space 11392K,  51% used [0x0a100000, 0x0a6be468, 0x0ac20000)
  to   space 11392K,   0% used [0x0ac20000, 0x0ac20000, 0x0b740000)
 tenured generation   total 227712K, used 218395K [0x0f2a0000, 0x1d100000, 0x24800000)
   the space 227712K,  95% used [0x0f2a0000, 0x1c7e6d48, 0x1c7e6e00, 0x1d100000)
 Metaspace       used 25443K, capacity 26036K, committed 26112K, reserved 27008K
}
Event: 10065.810 GC heap before
{Heap before GC invocations=88 (full 5):
 def new generation   total 102528K, used 97017K [0x04800000, 0x0b740000, 0x0f2a0000)
  eden space 91136K, 100% used [0x04800000, 0x0a100000, 0x0a100000)
  from space 11392K,  51% used [0x0a100000, 0x0a6be468, 0x0ac20000)
  to   space 11392K,   0% used [0x0ac20000, 0x0ac20000, 0x0b740000)
 tenured generation   total 227712K, used 218395K [0x0f2a0000, 0x1d100000, 0x24800000)
   the space 227712K,  95% used [0x0f2a0000, 0x1c7e6d48, 0x1c7e6e00, 0x1d100000)
 Metaspace       used 25443K, capacity 26036K, committed 26112K, reserved 27008K
Event: 10065.825 GC heap after
Heap after GC invocations=89 (full 5):
 def new generation   total 102528K, used 5555K [0x04800000, 0x0b740000, 0x0f2a0000)
  eden space 91136K,   0% used [0x04800000, 0x04800000, 0x0a100000)
  from space 11392K,  48% used [0x0ac20000, 0x0b18cf90, 0x0b740000)
  to   space 11392K,   0% used [0x0a100000, 0x0a100000, 0x0ac20000)
 tenured generation   total 227712K, used 219986K [0x0f2a0000, 0x1d100000, 0x24800000)
   the space 227712K,  96% used [0x0f2a0000, 0x1c974918, 0x1c974a00, 0x1d100000)
 Metaspace       used 25443K, capacity 26036K, committed 26112K, reserved 27008K
}
Event: 10158.686 GC heap before
{Heap before GC invocations=89 (full 5):
 def new generation   total 102528K, used 96691K [0x04800000, 0x0b740000, 0x0f2a0000)
  eden space 91136K, 100% used [0x04800000, 0x0a100000, 0x0a100000)
  from space 11392K,  48% used [0x0ac20000, 0x0b18cf90, 0x0b740000)
  to   space 11392K,   0% used [0x0a100000, 0x0a100000, 0x0ac20000)
 tenured generation   total 227712K, used 219986K [0x0f2a0000, 0x1d100000, 0x24800000)
   the space 227712K,  96% used [0x0f2a0000, 0x1c974918, 0x1c974a00, 0x1d100000)
 Metaspace       used 25443K, capacity 26036K, committed 26112K, reserved 27008K
Event: 10158.699 GC heap after
Heap after GC invocations=90 (full 5):
 def new generation   total 102528K, used 6729K [0x04800000, 0x0b740000, 0x0f2a0000)
  eden space 91136K,   0% used [0x04800000, 0x04800000, 0x0a100000)
  from space 11392K,  59% used [0x0a100000, 0x0a792678, 0x0ac20000)
  to   space 11392K,   0% used [0x0ac20000, 0x0ac20000, 0x0b740000)
 tenured generation   total 227712K, used 219986K [0x0f2a0000, 0x1d100000, 0x24800000)
   the space 227712K,  96% used [0x0f2a0000, 0x1c974918, 0x1c974a00, 0x1d100000)
 Metaspace       used 25443K, capacity 26036K, committed 26112K, reserved 27008K
}
Event: 10244.691 GC heap before
{Heap before GC invocations=90 (full 5):
 def new generation   total 102528K, used 97865K [0x04800000, 0x0b740000, 0x0f2a0000)
  eden space 91136K, 100% used [0x04800000, 0x0a100000, 0x0a100000)
  from space 11392K,  59% used [0x0a100000, 0x0a792678, 0x0ac20000)
  to   space 11392K,   0% used [0x0ac20000, 0x0ac20000, 0x0b740000)
 tenured generation   total 227712K, used 219986K [0x0f2a0000, 0x1d100000, 0x24800000)
   the space 227712K,  96% used [0x0f2a0000, 0x1c974918, 0x1c974a00, 0x1d100000)
 Metaspace       used 25443K, capacity 26036K, committed 26112K, reserved 27008K
Event: 10244.708 GC heap after
Heap after GC invocations=91 (full 5):
 def new generation   total 102528K, used 4837K [0x04800000, 0x0b740000, 0x0f2a0000)
  eden space 91136K,   0% used [0x04800000, 0x04800000, 0x0a100000)
  from space 11392K,  42% used [0x0ac20000, 0x0b0d9798, 0x0b740000)
  to   space 11392K,   0% used [0x0a100000, 0x0a100000, 0x0ac20000)
 tenured generation   total 227712K, used 222941K [0x0f2a0000, 0x1d100000, 0x24800000)
   the space 227712K,  97% used [0x0f2a0000, 0x1cc57510, 0x1cc57600, 0x1d100000)
 Metaspace       used 25443K, capacity 26036K, committed 26112K, reserved 27008K
}
Event: 10300.486 GC heap before
{Heap before GC invocations=91 (full 5):
 def new generation   total 102528K, used 95973K [0x04800000, 0x0b740000, 0x0f2a0000)
  eden space 91136K, 100% used [0x04800000, 0x0a100000, 0x0a100000)
  from space 11392K,  42% used [0x0ac20000, 0x0b0d9798, 0x0b740000)
  to   space 11392K,   0% used [0x0a100000, 0x0a100000, 0x0ac20000)
 tenured generation   total 227712K, used 222941K [0x0f2a0000, 0x1d100000, 0x24800000)
   the space 227712K,  97% used [0x0f2a0000, 0x1cc57510, 0x1cc57600, 0x1d100000)
 Metaspace       used 25445K, capacity 26036K, committed 26112K, reserved 27008K
Event: 10300.750 GC heap after
Heap after GC invocations=92 (full 6):
 def new generation   total 124992K, used 0K [0x04800000, 0x0cfa0000, 0x0f2a0000)
  eden space 111104K,   0% used [0x04800000, 0x04800000, 0x0b480000)
  from space 13888K,   0% used [0x0b480000, 0x0b480000, 0x0c210000)
  to   space 13888K,   0% used [0x0c210000, 0x0c210000, 0x0cfa0000)
 tenured generation   total 277632K, used 166578K [0x0f2a0000, 0x201c0000, 0x24800000)
   the space 277632K,  59% used [0x0f2a0000, 0x1954c820, 0x1954ca00, 0x201c0000)
 Metaspace       used 25443K, capacity 26033K, committed 26112K, reserved 27008K
}

